<?xml version="1.0" encoding="UTF-8"?>
<!-- Generated by org.testng.reporters.JUnitXMLReporter -->
<testsuite ignored="0" hostname="Akash96" failures="0" tests="3" name="ChromeTest" time="71.186" errors="0" timestamp="2021-10-31T00:34:56 IST">
  <testcase classname="TestPackage.FbTestClass" name="verifyWatch" time="13.955"/>
  <testcase classname="TestPackage.FbTestClass" name="testpost" time="9.816"/>
  <testcase classname="TestPackage.FbTestClass" name="testProfile" time="6.262"/>
</testsuite> <!-- ChromeTest -->
