<?xml version="1.0" encoding="UTF-8"?>
<!-- Generated by org.testng.reporters.JUnitXMLReporter -->
<testsuite ignored="0" hostname="Akash96" failures="0" tests="3" name="FirefoxTest" time="77.393" errors="0" timestamp="2021-10-31T00:35:02 IST">
  <testcase classname="TestPackage.FbTestClass" name="verifyWatch" time="4.291"/>
  <testcase classname="TestPackage.FbTestClass" name="testpost" time="5.079"/>
  <testcase classname="TestPackage.FbTestClass" name="testProfile" time="4.685"/>
</testsuite> <!-- FirefoxTest -->
