<?xml version="1.0" encoding="UTF-8"?>
<testng-results ignored="0" total="6" passed="6" failed="0" skipped="0">
  <reporter-output>
  </reporter-output>
  <suite started-at="2021-10-31T00:33:44 IST" name="Suite" finished-at="2021-10-31T00:35:02 IST" duration-ms="77393">
    <groups>
    </groups>
    <test started-at="2021-10-31T00:33:44 IST" name="ChromeTest" finished-at="2021-10-31T00:34:55 IST" duration-ms="71186">
      <class name="TestPackage.FbTestClass">
        <test-method is-config="true" signature="beforeClass(java.lang.String)[pri:0, instance:TestPackage.FbTestClass@14dd9eb7]" started-at="2021-10-31T00:33:44 IST" name="beforeClass" finished-at="2021-10-31T00:33:52 IST" duration-ms="7201" status="PASS">
          <params>
            <param index="0">
              <value>
                <![CDATA[Chrome]]>
              </value>
            </param>
          </params>
          <reporter-output>
          </reporter-output>
        </test-method> <!-- beforeClass -->
        <test-method is-config="true" signature="beforeMethod()[pri:0, instance:TestPackage.FbTestClass@14dd9eb7]" started-at="2021-10-31T00:33:52 IST" name="beforeMethod" finished-at="2021-10-31T00:33:52 IST" duration-ms="690" status="PASS">
          <reporter-output>
          </reporter-output>
        </test-method> <!-- beforeMethod -->
        <test-method signature="verifyWatch()[pri:0, instance:TestPackage.FbTestClass@14dd9eb7]" started-at="2021-10-31T00:33:52 IST" name="verifyWatch" finished-at="2021-10-31T00:34:06 IST" duration-ms="13955" status="PASS">
          <reporter-output>
          </reporter-output>
        </test-method> <!-- verifyWatch -->
        <test-method is-config="true" signature="afterMethod()[pri:0, instance:TestPackage.FbTestClass@14dd9eb7]" started-at="2021-10-31T00:34:06 IST" name="afterMethod" finished-at="2021-10-31T00:34:21 IST" duration-ms="14368" status="PASS">
          <reporter-output>
          </reporter-output>
        </test-method> <!-- afterMethod -->
        <test-method is-config="true" signature="beforeMethod()[pri:0, instance:TestPackage.FbTestClass@14dd9eb7]" started-at="2021-10-31T00:34:21 IST" name="beforeMethod" finished-at="2021-10-31T00:34:21 IST" duration-ms="918" status="PASS">
          <reporter-output>
          </reporter-output>
        </test-method> <!-- beforeMethod -->
        <test-method signature="testpost()[pri:1, instance:TestPackage.FbTestClass@14dd9eb7]" started-at="2021-10-31T00:34:21 IST" name="testpost" finished-at="2021-10-31T00:34:31 IST" duration-ms="9816" status="PASS">
          <reporter-output>
          </reporter-output>
        </test-method> <!-- testpost -->
        <test-method is-config="true" signature="afterMethod()[pri:0, instance:TestPackage.FbTestClass@14dd9eb7]" started-at="2021-10-31T00:34:31 IST" name="afterMethod" finished-at="2021-10-31T00:34:36 IST" duration-ms="4450" status="PASS">
          <reporter-output>
          </reporter-output>
        </test-method> <!-- afterMethod -->
        <test-method is-config="true" signature="beforeMethod()[pri:0, instance:TestPackage.FbTestClass@14dd9eb7]" started-at="2021-10-31T00:34:36 IST" name="beforeMethod" finished-at="2021-10-31T00:34:36 IST" duration-ms="579" status="PASS">
          <reporter-output>
          </reporter-output>
        </test-method> <!-- beforeMethod -->
        <test-method signature="testProfile()[pri:2, instance:TestPackage.FbTestClass@14dd9eb7]" started-at="2021-10-31T00:34:36 IST" name="testProfile" finished-at="2021-10-31T00:34:43 IST" duration-ms="6262" status="PASS">
          <reporter-output>
          </reporter-output>
        </test-method> <!-- testProfile -->
        <test-method is-config="true" signature="afterMethod()[pri:0, instance:TestPackage.FbTestClass@14dd9eb7]" started-at="2021-10-31T00:34:43 IST" name="afterMethod" finished-at="2021-10-31T00:34:48 IST" duration-ms="5743" status="PASS">
          <reporter-output>
          </reporter-output>
        </test-method> <!-- afterMethod -->
        <test-method is-config="true" signature="afterClass()[pri:0, instance:TestPackage.FbTestClass@14dd9eb7]" started-at="2021-10-31T00:34:48 IST" name="afterClass" finished-at="2021-10-31T00:34:55 IST" duration-ms="7140" status="PASS">
          <reporter-output>
          </reporter-output>
        </test-method> <!-- afterClass -->
      </class> <!-- TestPackage.FbTestClass -->
    </test> <!-- ChromeTest -->
    <test started-at="2021-10-31T00:33:44 IST" name="FirefoxTest" finished-at="2021-10-31T00:35:02 IST" duration-ms="77393">
      <class name="TestPackage.FbTestClass">
        <test-method is-config="true" signature="beforeClass(java.lang.String)[pri:0, instance:TestPackage.FbTestClass@79e2c065]" started-at="2021-10-31T00:33:44 IST" name="beforeClass" finished-at="2021-10-31T00:34:01 IST" duration-ms="16260" status="PASS">
          <params>
            <param index="0">
              <value>
                <![CDATA[Firefox]]>
              </value>
            </param>
          </params>
          <reporter-output>
          </reporter-output>
        </test-method> <!-- beforeClass -->
        <test-method is-config="true" signature="beforeMethod()[pri:0, instance:TestPackage.FbTestClass@79e2c065]" started-at="2021-10-31T00:34:01 IST" name="beforeMethod" finished-at="2021-10-31T00:34:20 IST" duration-ms="19053" status="PASS">
          <reporter-output>
          </reporter-output>
        </test-method> <!-- beforeMethod -->
        <test-method signature="verifyWatch()[pri:0, instance:TestPackage.FbTestClass@79e2c065]" started-at="2021-10-31T00:34:20 IST" name="verifyWatch" finished-at="2021-10-31T00:34:24 IST" duration-ms="4291" status="PASS">
          <reporter-output>
          </reporter-output>
        </test-method> <!-- verifyWatch -->
        <test-method is-config="true" signature="afterMethod()[pri:0, instance:TestPackage.FbTestClass@79e2c065]" started-at="2021-10-31T00:34:24 IST" name="afterMethod" finished-at="2021-10-31T00:34:30 IST" duration-ms="6013" status="PASS">
          <reporter-output>
          </reporter-output>
        </test-method> <!-- afterMethod -->
        <test-method is-config="true" signature="beforeMethod()[pri:0, instance:TestPackage.FbTestClass@79e2c065]" started-at="2021-10-31T00:34:30 IST" name="beforeMethod" finished-at="2021-10-31T00:34:32 IST" duration-ms="2510" status="PASS">
          <reporter-output>
          </reporter-output>
        </test-method> <!-- beforeMethod -->
        <test-method signature="testpost()[pri:1, instance:TestPackage.FbTestClass@79e2c065]" started-at="2021-10-31T00:34:32 IST" name="testpost" finished-at="2021-10-31T00:34:38 IST" duration-ms="5079" status="PASS">
          <reporter-output>
          </reporter-output>
        </test-method> <!-- testpost -->
        <test-method is-config="true" signature="afterMethod()[pri:0, instance:TestPackage.FbTestClass@79e2c065]" started-at="2021-10-31T00:34:38 IST" name="afterMethod" finished-at="2021-10-31T00:34:42 IST" duration-ms="4529" status="PASS">
          <reporter-output>
          </reporter-output>
        </test-method> <!-- afterMethod -->
        <test-method is-config="true" signature="beforeMethod()[pri:0, instance:TestPackage.FbTestClass@79e2c065]" started-at="2021-10-31T00:34:42 IST" name="beforeMethod" finished-at="2021-10-31T00:34:45 IST" duration-ms="2793" status="PASS">
          <reporter-output>
          </reporter-output>
        </test-method> <!-- beforeMethod -->
        <test-method signature="testProfile()[pri:2, instance:TestPackage.FbTestClass@79e2c065]" started-at="2021-10-31T00:34:45 IST" name="testProfile" finished-at="2021-10-31T00:34:50 IST" duration-ms="4685" status="PASS">
          <reporter-output>
          </reporter-output>
        </test-method> <!-- testProfile -->
        <test-method is-config="true" signature="afterMethod()[pri:0, instance:TestPackage.FbTestClass@79e2c065]" started-at="2021-10-31T00:34:50 IST" name="afterMethod" finished-at="2021-10-31T00:34:55 IST" duration-ms="5195" status="PASS">
          <reporter-output>
          </reporter-output>
        </test-method> <!-- afterMethod -->
        <test-method is-config="true" signature="afterClass()[pri:0, instance:TestPackage.FbTestClass@79e2c065]" started-at="2021-10-31T00:34:55 IST" name="afterClass" finished-at="2021-10-31T00:35:02 IST" duration-ms="6936" status="PASS">
          <reporter-output>
          </reporter-output>
        </test-method> <!-- afterClass -->
      </class> <!-- TestPackage.FbTestClass -->
    </test> <!-- FirefoxTest -->
  </suite> <!-- Suite -->
</testng-results>
